<?xml version="1.0" encoding="UTF-8"?>
<!-- Generated by org.testng.reporters.JUnitReportReporter -->
<testsuite hostname="LAPTOP-F3DO7S1E" failures="0" tests="2" name="SampleProgram2Test" time="0.011" errors="0" timestamp="2024-09-02T22:17:25 IST" skipped="0">
  <testcase classname="SampleProgram2Test" name="mulTest" time="0.007"/>
  <testcase classname="SampleProgram2Test" name="divTest" time="0.004"/>
</testsuite> <!-- SampleProgram2Test -->
