<?xml version="1.0" encoding="UTF-8"?>
<!-- Generated by org.testng.reporters.JUnitReportReporter -->
<testsuite hostname="LAPTOP-F3DO7S1E" failures="0" tests="2" name="SampleProgramTest" time="0.008" errors="0" timestamp="2024-09-02T22:18:33 IST" skipped="0">
  <testcase classname="SampleProgramTest" name="sumTest" time="0.000"/>
  <testcase classname="SampleProgramTest" name="diffTest" time="0.008"/>
</testsuite> <!-- SampleProgramTest -->
